[17:59:27.845] [INFO] Checking the health of your Storybook..
[17:59:27.847] [DEBUG] Getting Storybook info...
[17:59:27.848] [DEBUG] Loading main config...
[17:59:27.965] [DEBUG] Getting stories paths...
[17:59:27.993] [DEBUG] Getting package manager...
[17:59:28.376] [DEBUG] Getting Storybook version...
[17:59:30.365] [DEBUG] An issue occurred while trying to find dependencies metadata using npm.
[17:59:30.365] [WARN] .storybook: 1 issue found
[17:59:30.366] [INFO] You are currently using Storybook 9.1.3 but you have packages which are incompatible with it:

- @storybook/addon-essentials@8.6.14 which depends on 8.6.14
 Repo: https://github.com/storybookjs/storybook/tree/next/code/addons/essentials
- @storybook/addon-interactions@8.6.14 which depends on 8.6.14
 Repo: https://github.com/storybookjs/storybook/tree/next/code/addons/interactions
- @storybook/blocks@8.6.14 which depends on ^8.6.14
 Repo: https://github.com/storybookjs/storybook/tree/next/code/lib/blocks
- @storybook/test@8.6.14 which depends on 8.6.14
 Repo: https://github.com/storybookjs/storybook/tree/next/code/lib/test

Please consider updating your packages or contacting the maintainers for compatibility details.

For more on Storybook 9 compatibility, see the linked GitHub issue:
https://github.com/storybookjs/storybook/issues/30944
[17:59:30.377] [INFO] Storybook doctor is complete!
[17:59:30.377] [INFO] You can always recheck the health of your project(s) by running:
npx storybook doctor